
> my-portfolio@0.1.0 start
> next start

▲ Next.js 16.1.6
- Local:         http://localhost:3000
- Network:       http://192.168.0.2:3000

✓ Starting...
✓ Ready in 911ms
THM API Error, using fallback: Error: Failed to fetch from TryHackMe
    at w (.next/server/chunks/[root-of-the-server]__1568be31._.js:1:2130)
    at async d (.next/server/chunks/[root-of-the-server]__1568be31._.js:1:5614)
    at async l (.next/server/chunks/[root-of-the-server]__1568be31._.js:1:6655)
    at async Module.N (.next/server/chunks/[root-of-the-server]__1568be31._.js:1:7733)
THM API Error, using fallback: Error: Failed to fetch from TryHackMe
    at w (.next/server/chunks/[root-of-the-server]__1568be31._.js:1:2130)
    at async d (.next/server/chunks/[root-of-the-server]__1568be31._.js:1:5614)
    at async l (.next/server/chunks/[root-of-the-server]__1568be31._.js:1:6655)
    at async Module.N (.next/server/chunks/[root-of-the-server]__1568be31._.js:1:7733)
THM API Error, using fallback: Error: Failed to fetch from TryHackMe
    at w (.next/server/chunks/[root-of-the-server]__1568be31._.js:1:2130)
    at async d (.next/server/chunks/[root-of-the-server]__1568be31._.js:1:5614)
    at async l (.next/server/chunks/[root-of-the-server]__1568be31._.js:1:6655)
    at async Module.N (.next/server/chunks/[root-of-the-server]__1568be31._.js:1:7733)
THM API Error, using fallback: Error: Failed to fetch from TryHackMe
    at w (.next/server/chunks/[root-of-the-server]__1568be31._.js:1:2130)
    at async d (.next/server/chunks/[root-of-the-server]__1568be31._.js:1:5614)
    at async l (.next/server/chunks/[root-of-the-server]__1568be31._.js:1:6655)
    at async Module.N (.next/server/chunks/[root-of-the-server]__1568be31._.js:1:7733)
